c:\users\leesc\desktop\9noes\self-study\c\ch9_exercise\debug\vc142.pdb
c:\users\leesc\desktop\9noes\self-study\c\ch9_exercise\debug\vc142.idb
c:\users\leesc\desktop\9noes\self-study\c\ch9_exercise\debug\9.obj
c:\users\leesc\desktop\9noes\self-study\c\ch9_exercise\debug\8.obj
c:\users\leesc\desktop\9noes\self-study\c\ch9_exercise\debug\7.obj
c:\users\leesc\desktop\9noes\self-study\c\ch9_exercise\debug\6.obj
c:\users\leesc\desktop\9noes\self-study\c\ch9_exercise\debug\5.obj
c:\users\leesc\desktop\9noes\self-study\c\ch9_exercise\debug\4.obj
c:\users\leesc\desktop\9noes\self-study\c\ch9_exercise\debug\3.obj
c:\users\leesc\desktop\9noes\self-study\c\ch9_exercise\debug\2.obj
c:\users\leesc\desktop\9noes\self-study\c\ch9_exercise\debug\15.obj
c:\users\leesc\desktop\9noes\self-study\c\ch9_exercise\debug\14.obj
c:\users\leesc\desktop\9noes\self-study\c\ch9_exercise\debug\13.obj
c:\users\leesc\desktop\9noes\self-study\c\ch9_exercise\debug\12.obj
c:\users\leesc\desktop\9noes\self-study\c\ch9_exercise\debug\11.obj
c:\users\leesc\desktop\9noes\self-study\c\ch9_exercise\debug\10.obj
c:\users\leesc\desktop\9noes\self-study\c\ch9_exercise\debug\1.obj
c:\users\leesc\desktop\9noes\self-study\c\ch9_exercise\debug\ch9_exercise.exe
c:\users\leesc\desktop\9noes\self-study\c\ch9_exercise\debug\ch9_exercise.ilk
c:\users\leesc\desktop\9noes\self-study\c\ch9_exercise\debug\ch9_exercise.pdb
c:\users\leesc\desktop\9noes\self-study\c\ch9_exercise\debug\15.obj.enc
c:\users\leesc\desktop\9noes\self-study\c\ch9_exercise\debug\ch9_exercise.tlog\cl.command.1.tlog
c:\users\leesc\desktop\9noes\self-study\c\ch9_exercise\debug\ch9_exercise.tlog\cl.read.1.tlog
c:\users\leesc\desktop\9noes\self-study\c\ch9_exercise\debug\ch9_exercise.tlog\cl.write.1.tlog
c:\users\leesc\desktop\9noes\self-study\c\ch9_exercise\debug\ch9_exercise.tlog\link.command.1.tlog
c:\users\leesc\desktop\9noes\self-study\c\ch9_exercise\debug\ch9_exercise.tlog\link.read.1.tlog
c:\users\leesc\desktop\9noes\self-study\c\ch9_exercise\debug\ch9_exercise.tlog\link.write.1.tlog
